2022.09.11 17:47:29 INFO  tracing is disabled for protocol LSP, to enable tracing of incoming and outgoing JSON messages create an empty file at c:\Users\sriiraj jaami\Documents\pyCharm\sparkmavenexample\sparkmavenexample\.metals\lsp.trace.json or C:\Users\sriiraj jaami\AppData\Local\scalameta\metals\cache\lsp.trace.json
2022.09.11 17:47:34 INFO  logging to file C:\Users\sriiraj jaami\Documents\pyCharm\sparkmavenexample\sparkmavenexample\.metals\metals.log
2022.09.11 17:47:34 INFO  Started: Metals version 0.11.8 in workspace 'C:\Users\sriiraj jaami\Documents\pyCharm\sparkmavenexample\sparkmavenexample' for client Visual Studio Code 1.71.0.
2022.09.11 17:47:37 WARN  Flyway upgrade recommended: H2 2.1.214 is newer than this version of Flyway and support has not been tested. The latest supported version of H2 is 2.1.210.
2022.09.11 17:47:39 INFO  time: initialize in 5.04s
2022.09.11 17:47:39 WARN  Build server is not auto-connectable.
2022.09.11 17:48:10 WARN  no build target for: C:\Users\sriiraj jaami\Documents\pyCharm\sparkmavenexample\sparkmavenexample\src\main\scala\com\scalaexample\App.scala
2022.09.11 17:48:13 INFO  no build target found for C:\Users\sriiraj jaami\Documents\pyCharm\sparkmavenexample\sparkmavenexample\src\main\scala\com\scalaexample\App.scala. Using presentation compiler with project's scala-library version: 3.1.3
2022.09.11 17:48:19 INFO  time: code lens generation in 3.69s
2022.09.11 17:48:19 INFO  time: code lens generation in 8.46s
2022.09.11 17:56:34 WARN  no build target for: C:\Users\sriiraj jaami\Documents\pyCharm\sparkmavenexample\sparkmavenexample\src\main\scala\com\scalaexample\SparkExample.scala
2022.09.11 17:56:59 WARN  no build target for: C:\Users\sriiraj jaami\Documents\pyCharm\sparkmavenexample\sparkmavenexample\src\main\scala\com\scalaexample\SparkExample.scala
2022.09.11 17:57:19 WARN  no build target for: C:\Users\sriiraj jaami\Documents\pyCharm\sparkmavenexample\sparkmavenexample\src\main\scala\com\scalaexample\SparkExample.scala
2022.09.11 17:57:32 WARN  no build target for: C:\Users\sriiraj jaami\Documents\pyCharm\sparkmavenexample\sparkmavenexample\src\main\scala\com\scalaexample\SparkExample.scala
Sep 11, 2022 5:57:54 PM org.eclipse.lsp4j.jsonrpc.services.GenericEndpoint notify
INFO: Unsupported notification method: $/setTrace
Exception in thread "pool-3-thread-1" java.lang.Error: java.lang.InterruptedException
	at java.util.concurrent.ThreadPoolExecutor.runWorker(ThreadPoolExecutor.java:1155)
	at java.util.concurrent.ThreadPoolExecutor$Worker.run(ThreadPoolExecutor.java:624)
	at java.lang.Thread.run(Thread.java:750)
Caused by: java.lang.InterruptedException
	at scala.meta.internal.metals.FutureCancelToken.checkCanceled(FutureCancelToken.scala:29)
	at scala.meta.internal.pc.CompilerAccess.onCompilerJobQueue$$anonfun$1(CompilerAccess.scala:195)
	at scala.meta.internal.pc.CompilerJobQueue$Job.run(CompilerJobQueue.scala:152)
	at java.util.concurrent.ThreadPoolExecutor.runWorker(ThreadPoolExecutor.java:1149)
	... 2 more
2022.09.11 18:43:54 WARN  no build target for: C:\Users\sriiraj jaami\Documents\pyCharm\sparkmavenexample\sparkmavenexample\src\main\scala\com\scalaexample\SparkExample.scala
2022.09.11 19:16:06 WARN  no build target for: C:\Users\sriiraj jaami\Documents\pyCharm\sparkmavenexample\sparkmavenexample\src\main\scala\com\scalaexample\SparkExample.scala
Sep 11, 2022 7:16:06 PM org.eclipse.lsp4j.jsonrpc.RemoteEndpoint fallbackResponseError
SEVERE: Internal error: scala.meta.internal.metals.debug.BuildTargetNotFoundForPathException: No build target could be found for the path: C:\Users\sriiraj jaami\Documents\pyCharm\sparkmavenexample\sparkmavenexample\src\main\scala\com\scalaexample\SparkExample.scala
java.util.concurrent.CompletionException: scala.meta.internal.metals.debug.BuildTargetNotFoundForPathException: No build target could be found for the path: C:\Users\sriiraj jaami\Documents\pyCharm\sparkmavenexample\sparkmavenexample\src\main\scala\com\scalaexample\SparkExample.scala
	at java.util.concurrent.CompletableFuture.encodeThrowable(CompletableFuture.java:292)
	at java.util.concurrent.CompletableFuture.completeThrowable(CompletableFuture.java:308)
	at java.util.concurrent.CompletableFuture.uniAccept(CompletableFuture.java:661)
	at java.util.concurrent.CompletableFuture$UniAccept.tryFire(CompletableFuture.java:646)
	at java.util.concurrent.CompletableFuture.uniAcceptStage(CompletableFuture.java:686)
	at java.util.concurrent.CompletableFuture.thenAcceptAsync(CompletableFuture.java:2014)
	at scala.concurrent.java8.FuturesConvertersImpl$CF.thenAccept(FutureConvertersImpl.scala:37)
	at org.eclipse.lsp4j.jsonrpc.RemoteEndpoint.handleRequest(RemoteEndpoint.java:279)
	at org.eclipse.lsp4j.jsonrpc.RemoteEndpoint.consume(RemoteEndpoint.java:190)
	at org.eclipse.lsp4j.jsonrpc.json.StreamMessageProducer.handleMessage(StreamMessageProducer.java:194)
	at org.eclipse.lsp4j.jsonrpc.json.StreamMessageProducer.listen(StreamMessageProducer.java:94)
	at org.eclipse.lsp4j.jsonrpc.json.ConcurrentMessageProcessor.run(ConcurrentMessageProcessor.java:113)
	at java.util.concurrent.Executors$RunnableAdapter.call(Executors.java:511)
	at java.util.concurrent.FutureTask.run(FutureTask.java:266)
	at java.util.concurrent.ThreadPoolExecutor.runWorker(ThreadPoolExecutor.java:1149)
	at java.util.concurrent.ThreadPoolExecutor$Worker.run(ThreadPoolExecutor.java:624)
	at java.lang.Thread.run(Thread.java:750)
Caused by: scala.meta.internal.metals.debug.BuildTargetNotFoundForPathException: No build target could be found for the path: C:\Users\sriiraj jaami\Documents\pyCharm\sparkmavenexample\sparkmavenexample\src\main\scala\com\scalaexample\SparkExample.scala
	at scala.meta.internal.metals.debug.DebugProvider.debugDiscovery(DebugProvider.scala:395)
	at scala.meta.internal.metals.MetalsLanguageServer.executeCommand(MetalsLanguageServer.scala:1912)
	at sun.reflect.NativeMethodAccessorImpl.invoke0(Native Method)
	at sun.reflect.NativeMethodAccessorImpl.invoke(NativeMethodAccessorImpl.java:62)
	at sun.reflect.DelegatingMethodAccessorImpl.invoke(DelegatingMethodAccessorImpl.java:43)
	at java.lang.reflect.Method.invoke(Method.java:498)
	at org.eclipse.lsp4j.jsonrpc.services.GenericEndpoint.lambda$null$0(GenericEndpoint.java:65)
	at org.eclipse.lsp4j.jsonrpc.services.GenericEndpoint.request(GenericEndpoint.java:120)
	at org.eclipse.lsp4j.jsonrpc.RemoteEndpoint.handleRequest(RemoteEndpoint.java:261)
	... 9 more

2022.09.11 19:20:25 WARN  no build target for: C:\Users\sriiraj jaami\Documents\pyCharm\sparkmavenexample\sparkmavenexample\src\main\scala\com\scalaexample\SparkExample.scala
2022.09.11 19:27:41 WARN  no build target for: C:\Users\sriiraj jaami\Documents\pyCharm\sparkmavenexample\sparkmavenexample\src\test\scala\samples\specs.scala
2022.09.11 19:27:45 WARN  no build target for: C:\Users\sriiraj jaami\Documents\pyCharm\sparkmavenexample\sparkmavenexample\src\test\scala\samples\scalatest.scala
2022.09.11 19:27:58 WARN  no build target for: C:\Users\sriiraj jaami\Documents\pyCharm\sparkmavenexample\sparkmavenexample\src\test\scala\samples\scalatest.scala
2022.09.11 19:28:02 WARN  no build target for: C:\Users\sriiraj jaami\Documents\pyCharm\sparkmavenexample\sparkmavenexample\src\test\scala\samples\specs.scala
2022.09.11 19:28:16 WARN  no build target for: C:\Users\sriiraj jaami\Documents\pyCharm\sparkmavenexample\sparkmavenexample\src\test\scala\samples\scalatest.scala
Sep 11, 2022 7:41:10 PM org.eclipse.lsp4j.jsonrpc.services.GenericEndpoint notify
INFO: Unsupported notification method: $/setTrace
Sep 11, 2022 7:41:13 PM org.eclipse.lsp4j.jsonrpc.services.GenericEndpoint notify
INFO: Unsupported notification method: $/setTrace
Sep 11, 2022 7:41:36 PM org.eclipse.lsp4j.jsonrpc.services.GenericEndpoint notify
INFO: Unsupported notification method: $/setTrace
Sep 11, 2022 7:41:47 PM org.eclipse.lsp4j.jsonrpc.services.GenericEndpoint notify
INFO: Unsupported notification method: $/setTrace
Sep 11, 2022 7:42:12 PM org.eclipse.lsp4j.jsonrpc.services.GenericEndpoint notify
INFO: Unsupported notification method: $/setTrace
2022.09.11 19:42:14 WARN  no build target for: C:\Users\sriiraj jaami\Documents\pyCharm\sparkmavenexample\sparkmavenexample\src\main\scala\com\scalaexample\SparkExample.scala
2022.09.11 19:42:18 INFO  shutting down Metals
2022.09.11 19:42:18 ERROR Unexpected error initializing serverorg.eclipse.lsp4j.jsonrpc.ResponseErrorException: Request window/showMessageRequest failed with message: Canceled
	at org.eclipse.lsp4j.jsonrpc.RemoteEndpoint.handleResponse(RemoteEndpoint.java:209)
	at org.eclipse.lsp4j.jsonrpc.RemoteEndpoint.consume(RemoteEndpoint.java:193)
	at org.eclipse.lsp4j.jsonrpc.json.StreamMessageProducer.handleMessage(StreamMessageProducer.java:194)
	at org.eclipse.lsp4j.jsonrpc.json.StreamMessageProducer.listen(StreamMessageProducer.java:94)
	at org.eclipse.lsp4j.jsonrpc.json.ConcurrentMessageProcessor.run(ConcurrentMessageProcessor.java:113)
	at java.util.concurrent.Executors$RunnableAdapter.call(Executors.java:511)
	at java.util.concurrent.FutureTask.run(FutureTask.java:266)
	at java.util.concurrent.ThreadPoolExecutor.runWorker(ThreadPoolExecutor.java:1149)
	at java.util.concurrent.ThreadPoolExecutor$Worker.run(ThreadPoolExecutor.java:624)
	at java.lang.Thread.run(Thread.java:750)

2022.09.11 21:29:29 INFO  tracing is disabled for protocol LSP, to enable tracing of incoming and outgoing JSON messages create an empty file at c:\Users\sriiraj jaami\Documents\pyCharm\sparkmavenexample\sparkmavenexample\.metals\lsp.trace.json or C:\Users\sriiraj jaami\AppData\Local\scalameta\metals\cache\lsp.trace.json
2022.09.11 21:29:31 INFO  logging to file C:\Users\sriiraj jaami\Documents\pyCharm\sparkmavenexample\sparkmavenexample\.metals\metals.log
2022.09.11 21:29:31 INFO  Started: Metals version 0.11.8 in workspace 'C:\Users\sriiraj jaami\Documents\pyCharm\sparkmavenexample\sparkmavenexample' for client Visual Studio Code 1.71.0.
2022.09.11 21:29:33 WARN  Flyway upgrade recommended: H2 2.1.214 is newer than this version of Flyway and support has not been tested. The latest supported version of H2 is 2.1.210.
2022.09.11 21:29:34 INFO  time: initialize in 3.32s
2022.09.11 21:29:35 WARN  Build server is not auto-connectable.
2022.09.11 21:29:35 WARN  no build target for: C:\Users\sriiraj jaami\Documents\pyCharm\sparkmavenexample\sparkmavenexample\src\main\scala\com\scalaexample\SparkExample.scala
2022.09.11 21:29:38 INFO  no build target found for C:\Users\sriiraj jaami\Documents\pyCharm\sparkmavenexample\sparkmavenexample\src\main\scala\com\scalaexample\SparkExample.scala. Using presentation compiler with project's scala-library version: 3.1.3
2022.09.11 21:29:43 INFO  time: code lens generation in 7.16s
Sep 11, 2022 9:36:29 PM org.eclipse.lsp4j.jsonrpc.services.GenericEndpoint notify
INFO: Unsupported notification method: $/setTrace
